<?xml version="1.0" encoding="UTF-8"?>
<!-- Generated by org.testng.reporters.JUnitReportReporter -->
<testsuite hostname="crthomas-Inspiron-15-3567" failures="0" tests="1" name="com.webstaurant.selenium.AddToCartTest" time="4.963" errors="0" timestamp="03 Dec 2019 21:25:09 GMT" skipped="0">
  <testcase classname="com.webstaurant.selenium.AddToCartTest" name="runTest" time="4.963"/>
</testsuite> <!-- com.webstaurant.selenium.AddToCartTest -->
