<?xml version="1.0" encoding="UTF-8"?>
<!-- Generated by org.testng.reporters.JUnitReportReporter -->
<testsuite hostname="crthomas-Inspiron-15-3567" failures="0" tests="1" name="com.webstaurant.selenium.tests.AddToCartTest" time="8.961" errors="0" timestamp="04 Dec 2019 02:44:33 GMT" skipped="0">
  <testcase classname="com.webstaurant.selenium.tests.AddToCartTest" name="runTest" time="8.961"/>
</testsuite> <!-- com.webstaurant.selenium.tests.AddToCartTest -->
